<?xml version="1.0" encoding="UTF-8"?>
<testng-results ignored="0" total="2" passed="2" failed="0" skipped="0">
  <reporter-output>
  </reporter-output>
  <suite started-at="2022-06-16T20:24:49 IST" name="Default suite" finished-at="2022-06-16T20:24:59 IST" duration-ms="10339">
    <groups>
    </groups>
    <test started-at="2022-06-16T20:24:49 IST" name="Default test" finished-at="2022-06-16T20:24:59 IST" duration-ms="10339">
      <class name="Automation.Contactus">
        <test-method signature="Lanching_the_Browser()[pri:0, instance:Automation.Contactus@51c668e3]" started-at="2022-06-16T20:24:49 IST" name="Lanching_the_Browser" finished-at="2022-06-16T20:24:53 IST" duration-ms="3480" status="PASS">
          <reporter-output>
          </reporter-output>
        </test-method> <!-- Lanching_the_Browser -->
        <test-method signature="contactUs()[pri:4, instance:Automation.Contactus@51c668e3]" started-at="2022-06-16T20:24:53 IST" name="contactUs" finished-at="2022-06-16T20:24:59 IST" duration-ms="6819" status="PASS">
          <reporter-output>
          </reporter-output>
        </test-method> <!-- contactUs -->
      </class> <!-- Automation.Contactus -->
    </test> <!-- Default test -->
  </suite> <!-- Default suite -->
</testng-results>
